1789, OutputError
2441, OutputError
3013, OutputError
3040, OutputError
6131, OutputError
6201, OutputError
6282, OutputError
6286, OutputError
8011, OutputError
9105, OutputError
911609, OutputError
911611, OutputError
1256, CreateError
1258, CreateError
1259, CreateError
1333, CreateError
1336, CreateError
1565, CreateError
1566, CreateError
1569, CreateError
1570, CreateError
1580, CreateError
1584, CreateError
1586, CreateError
1591, CreateError
1593, CreateError
1595, CreateError
1597, CreateError
1599, CreateError
1742, CreateError
1752, CreateError
1777, CreateError
1781, CreateError
1784, CreateError
1785, CreateError
1787, CreateError
1788, CreateError
1795, CreateError
1799, CreateError
1813, CreateError
1815, CreateError
2035, CreateError
2061, CreateError
2063, CreateError
2066, CreateError
2221, CreateError
2230, CreateError
2233, CreateError
2596, CreateError
2636, CreateError
2640, CreateError
2718, CreateError
2719, CreateError
2724, CreateError
2729, CreateError
2734, CreateError
2916, CreateError
2924, CreateError
2926, CreateError
3064, CreateError
3066, CreateError
3067, CreateError
3068, CreateError
3071, CreateError
3073, CreateError
3078, CreateError
3083, CreateError
3085, CreateError
3086, CreateError
3088, CreateError
3089, CreateError
3092, CreateError
3093, CreateError
3095, CreateError
3105, CreateError
3114, CreateError
3115, CreateError
3118, CreateError
3126, CreateError
3128, CreateError
3131, CreateError
3144, CreateError
3152, CreateError
3162, CreateError
3163, CreateError
3169, CreateError
3171, CreateError
3176, CreateError
3188, CreateError
3191, CreateError
3202, CreateError
3205, CreateError
3206, CreateError
3207, CreateError
3211, CreateError
3213, CreateError
3217, CreateError
3218, CreateError
3219, CreateError
3221, CreateError
3224, CreateError
3226, CreateError
3227, CreateError
3228, CreateError
3230, CreateError
3232, CreateError
3234, CreateError
3236, CreateError
3252, CreateError
3259, CreateError
3260, CreateError
3264, CreateError
3265, CreateError
3268, CreateError
3276, CreateError
3284, CreateError
3285, CreateError
3287, CreateError
3288, CreateError
3289, CreateError
3290, CreateError
3291, CreateError
3293, CreateError
3294, CreateError
3297, CreateError
3299, CreateError
3303, CreateError
3306, CreateError
3310, CreateError
3313, CreateError
3317, CreateError
3322, CreateError
3323, CreateError
3324, CreateError
3325, CreateError
3332, CreateError
3339, CreateError
3354, CreateError
3360, CreateError
3362, CreateError
3363, CreateError
3372, CreateError
3373, CreateError
3379, CreateError
3388, CreateError
3390, CreateError
3402, CreateError
3428, CreateError
3431, CreateError
3434, CreateError
3438, CreateError
3441, CreateError
3444, CreateError
3452, CreateError
3455, CreateError
3465, CreateError
3466, CreateError
3479, CreateError
3483, CreateError
3484, CreateError
3489, CreateError
3490, CreateError
3491, CreateError
3498, CreateError
3499, CreateError
3508, CreateError
3511, CreateError
3512, CreateError
3516, CreateError
3520, CreateError
3521, CreateError
3522, CreateError
3523, CreateError
3526, CreateError
3527, CreateError
3528, CreateError
3529, CreateError
3531, CreateError
3537, CreateError
3540, CreateError
3541, CreateError
3546, CreateError
3548, CreateError
3551, CreateError
3552, CreateError
3553, CreateError
3555, CreateError
3556, CreateError
3558, CreateError
3562, CreateError
3563, CreateError
3564, CreateError
3567, CreateError
3570, CreateError
3577, CreateError
3580, CreateError
3587, CreateError
3594, CreateError
3609, CreateError
3611, CreateError
3615, CreateError
3623, CreateError
3624, CreateError
3625, CreateError
3628, CreateError
3629, CreateError
3630, CreateError
3631, CreateError
3632, CreateError
3642, CreateError
3646, CreateError
3652, CreateError
3658, CreateError
3662, CreateError
3663, CreateError
3664, CreateError
3675, CreateError
3680, CreateError
3685, CreateError
3687, CreateError
3689, CreateError
3691, CreateError
3693, CreateError
4102, CreateError
4103, CreateError
4105, CreateError
4107, CreateError
4109, CreateError
4111, CreateError
4113, CreateError
4114, CreateError
4120, CreateError
4121, CreateError
4123, CreateError
4126, CreateError
4127, CreateError
4128, CreateError
4129, CreateError
4130, CreateError
4131, CreateError
4138, CreateError
4139, CreateError
4152, CreateError
4153, CreateError
4154, CreateError
4157, CreateError
4160, CreateError
4161, CreateError
4162, CreateError
4163, CreateError
4168, CreateError
4173, CreateError
4180, CreateError
4205, CreateError
4207, CreateError
4303, CreateError
4304, CreateError
4305, CreateError
4401, CreateError
4402, CreateError
4406, CreateError
4413, CreateError
4416, CreateError
4417, CreateError
4419, CreateError
4420, CreateError
4429, CreateError
4430, CreateError
4432, CreateError
4502, CreateError
4503, CreateError
4506, CreateError
4510, CreateError
4513, CreateError
4523, CreateError
4527, CreateError
4528, CreateError
4529, CreateError
4530, CreateError
4533, CreateError
4534, CreateError
4535, CreateError
4609, CreateError
4702, CreateError
4703, CreateError
4706, CreateError
4707, CreateError
4711, CreateError
4712, CreateError
4714, CreateError
4716, CreateError
4720, CreateError
4721, CreateError
4726, CreateError
4728, CreateError
4729, CreateError
4735, CreateError
4736, CreateError
4739, CreateError
4743, CreateError
4745, CreateError
4747, CreateError
4903, CreateError
4905, CreateError
4907, CreateError
4908, CreateError
4909, CreateError
4911, CreateError
4912, CreateError
4924, CreateError
4927, CreateError
4933, CreateError
4939, CreateError
4944, CreateError
4946, CreateError
4947, CreateError
4950, CreateError
4953, CreateError
4965, CreateError
4966, CreateError
4971, CreateError
4972, CreateError
4973, CreateError
4974, CreateError
4979, CreateError
4987, CreateError
4995, CreateError
5009, CreateError
5011, CreateError
5013, CreateError
5014, CreateError
5015, CreateError
5016, CreateError
5102, CreateError
5201, CreateError
5202, CreateError
5206, CreateError
5209, CreateError
5210, CreateError
5211, CreateError
5212, CreateError
5213, CreateError
5227, CreateError
5230, CreateError
5251, CreateError
5263, CreateError
5266, CreateError
5272, CreateError
5274, CreateError
5278, CreateError
5287, CreateError
5289, CreateError
5301, CreateError
5302, CreateError
5304, CreateError
5306, CreateError
5309, CreateError
5310, CreateError
5312, CreateError
5314, CreateError
5315, CreateError
5317, CreateError
5321, CreateError
5324, CreateError
5328, CreateError
5340, CreateError
5344, CreateError
5345, CreateError
5347, CreateError
5348, CreateError
5349, CreateError
5351, CreateError
5353, CreateError
5355, CreateError
5356, CreateError
5364, CreateError
5371, CreateError
5381, CreateError
5383, CreateError
5384, CreateError
5386, CreateError
5392, CreateError
5395, CreateError
5398, CreateError
5403, CreateError
5410, CreateError
5425, CreateError
5426, CreateError
5432, CreateError
5438, CreateError
5439, CreateError
5443, CreateError
5450, CreateError
5452, CreateError
5455, CreateError
5457, CreateError
5460, CreateError
5464, CreateError
5465, CreateError
5466, CreateError
5468, CreateError
5474, CreateError
5475, CreateError
5478, CreateError
5480, CreateError
5481, CreateError
5483, CreateError
5487, CreateError
5488, CreateError
5489, CreateError
5490, CreateError
5491, CreateError
5493, CreateError
5498, CreateError
5505, CreateError
5506, CreateError
5508, CreateError
5511, CreateError
5512, CreateError
5514, CreateError
5516, CreateError
5520, CreateError
5523, CreateError
5529, CreateError
5530, CreateError
5536, CreateError
5601, CreateError
5603, CreateError
5604, CreateError
5609, CreateError
5701, CreateError
5703, CreateError
5704, CreateError
5820, CreateError
5902, CreateError
5903, CreateError
5904, CreateError
5905, CreateError
6015, CreateError
6016, CreateError
6020, CreateError
6021, CreateError
6022, CreateError
6023, CreateError
6024, CreateError
6101, CreateError
6103, CreateError
6104, CreateError
6105, CreateError
6107, CreateError
6109, CreateError
6111, CreateError
6113, CreateError
6114, CreateError
6118, CreateError
6121, CreateError
6122, CreateError
6123, CreateError
6124, CreateError
6125, CreateError
6126, CreateError
6127, CreateError
6129, CreateError
6130, CreateError
6134, CreateError
6135, CreateError
6138, CreateError
6140, CreateError
6143, CreateError
6144, CreateError
6146, CreateError
6147, CreateError
6148, CreateError
6150, CreateError
6151, CreateError
6154, CreateError
6156, CreateError
6158, CreateError
6160, CreateError
6161, CreateError
6163, CreateError
6167, CreateError
6169, CreateError
6170, CreateError
6171, CreateError
6173, CreateError
6174, CreateError
6175, CreateError
6180, CreateError
6182, CreateError
6185, CreateError
6186, CreateError
6187, CreateError
6188, CreateError
6190, CreateError
6194, CreateError
6195, CreateError
6198, CreateError
6203, CreateError
6204, CreateError
6207, CreateError
6208, CreateError
6210, CreateError
6211, CreateError
6212, CreateError
6217, CreateError
6218, CreateError
6219, CreateError
6220, CreateError
6221, CreateError
6222, CreateError
6223, CreateError
6227, CreateError
6228, CreateError
6229, CreateError
6231, CreateError
6233, CreateError
6234, CreateError
6236, CreateError
6237, CreateError
6238, CreateError
6240, CreateError
6241, CreateError
6244, CreateError
6245, CreateError
6246, CreateError
6247, CreateError
6248, CreateError
6250, CreateError
6259, CreateError
6261, CreateError
6263, CreateError
6264, CreateError
6265, CreateError
6266, CreateError
6270, CreateError
6274, CreateError
6275, CreateError
6276, CreateError
6279, CreateError
6284, CreateError
6287, CreateError
6290, CreateError
6291, CreateError
6292, CreateError
6294, CreateError
6298, CreateError
6506, CreateError
6508, CreateError
6509, CreateError
6603, CreateError
6609, CreateError
6803, CreateError
8024, CreateError
8032, CreateError
8034, CreateError
8038, CreateError
8040, CreateError
8042, CreateError
8043, CreateError
8044, CreateError
8047, CreateError
8048, CreateError
8049, CreateError
8050, CreateError
8053, CreateError
8054, CreateError
8059, CreateError
8064, CreateError
8066, CreateError
8067, CreateError
8068, CreateError
8069, CreateError
8071, CreateError
8074, CreateError
8076, CreateError
8077, CreateError
8079, CreateError
8080, CreateError
8082, CreateError
8083, CreateError
8084, CreateError
8085, CreateError
8086, CreateError
8087, CreateError
8088, CreateError
8091, CreateError
8092, CreateError
8093, CreateError
8096, CreateError
8097, CreateError
8099, CreateError
8107, CreateError
8109, CreateError
8121, CreateError
8147, CreateError
8155, CreateError
8171, CreateError
8176, CreateError
8182, CreateError
8183, CreateError
8234, CreateError
8240, CreateError
8255, CreateError
8266, CreateError
8277, CreateError
8287, CreateError
8289, CreateError
8291, CreateError
8299, CreateError
8349, CreateError
8354, CreateError
8358, CreateError
8383, CreateError
8390, CreateError
8401, CreateError
8403, CreateError
8406, CreateError
8409, CreateError
8410, CreateError
8416, CreateError
8418, CreateError
8421, CreateError
8423, CreateError
8424, CreateError
8426, CreateError
8432, CreateError
8433, CreateError
8435, CreateError
8436, CreateError
8446, CreateError
8905, CreateError
8906, CreateError
8908, CreateError
8913, CreateError
8916, CreateError
8917, CreateError
8921, CreateError
8923, CreateError
8924, CreateError
8925, CreateError
8927, CreateError
8928, CreateError
8929, CreateError
8930, CreateError
8931, CreateError
8932, CreateError
8933, CreateError
8934, CreateError
8935, CreateError
8936, CreateError
8937, CreateError
8938, CreateError
8941, CreateError
8942, CreateError
911613, CreateError
9949, CreateError
9950, CreateError
9951, CreateError
9960, CreateError
9962, CreateError
1256, CreateError
1258, CreateError
1259, CreateError
1333, CreateError
1336, CreateError
1565, CreateError
1566, CreateError
1569, CreateError
1570, CreateError
1580, CreateError
1584, CreateError
1586, CreateError
1591, CreateError
1593, CreateError
1595, CreateError
1597, CreateError
1599, CreateError
1742, CreateError
1752, CreateError
1777, CreateError
1781, CreateError
1784, CreateError
1785, CreateError
1787, CreateError
1788, CreateError
1795, CreateError
1799, CreateError
1813, CreateError
1815, CreateError
2035, CreateError
2061, CreateError
2063, CreateError
2066, CreateError
2221, CreateError
2230, CreateError
2233, CreateError
2596, CreateError
2636, CreateError
2640, CreateError
2718, CreateError
2719, CreateError
2724, CreateError
2729, CreateError
2734, CreateError
2916, CreateError
2924, CreateError
2926, CreateError
3064, CreateError
3066, CreateError
3067, CreateError
3068, CreateError
3071, CreateError
3073, CreateError
3078, CreateError
3083, CreateError
3085, CreateError
3086, CreateError
3088, CreateError
3089, CreateError
3092, CreateError
3093, CreateError
3095, CreateError
3105, CreateError
3114, CreateError
3115, CreateError
3118, CreateError
3126, CreateError
3128, CreateError
3131, CreateError
3144, CreateError
3152, CreateError
3162, CreateError
3163, CreateError
3169, CreateError
3171, CreateError
3176, CreateError
3188, CreateError
3191, CreateError
3202, CreateError
3205, CreateError
3206, CreateError
3207, CreateError
3211, CreateError
3213, CreateError
3217, CreateError
3218, CreateError
3219, CreateError
3221, CreateError
3224, CreateError
3226, CreateError
3227, CreateError
3228, CreateError
3230, CreateError
3232, CreateError
3234, CreateError
3236, CreateError
3252, CreateError
3259, CreateError
3260, CreateError
3264, CreateError
3265, CreateError
3268, CreateError
3276, CreateError
3284, CreateError
3285, CreateError
3287, CreateError
3288, CreateError
3289, CreateError
3290, CreateError
3291, CreateError
3293, CreateError
3294, CreateError
3297, CreateError
3299, CreateError
3303, CreateError
3306, CreateError
3310, CreateError
3313, CreateError
3317, CreateError
3322, CreateError
3323, CreateError
3324, CreateError
3325, CreateError
3332, CreateError
3339, CreateError
3354, CreateError
3360, CreateError
3362, CreateError
3363, CreateError
3372, CreateError
3373, CreateError
3379, CreateError
3388, CreateError
3390, CreateError
3402, CreateError
3428, CreateError
3431, CreateError
3434, CreateError
3438, CreateError
3441, CreateError
3444, CreateError
3452, CreateError
3455, CreateError
3465, CreateError
3466, CreateError
3479, CreateError
3483, CreateError
3484, CreateError
3489, CreateError
3490, CreateError
3491, CreateError
3498, CreateError
3499, CreateError
3508, CreateError
3511, CreateError
3512, CreateError
3516, CreateError
3520, CreateError
3521, CreateError
3522, CreateError
3523, CreateError
3526, CreateError
3527, CreateError
3528, CreateError
3529, CreateError
3531, CreateError
3537, CreateError
3540, CreateError
3541, CreateError
3546, CreateError
3548, CreateError
3551, CreateError
3552, CreateError
3553, CreateError
3555, CreateError
3556, CreateError
3558, CreateError
3562, CreateError
3563, CreateError
3564, CreateError
3567, CreateError
3570, CreateError
3577, CreateError
3580, CreateError
3587, CreateError
3594, CreateError
3609, CreateError
3611, CreateError
3615, CreateError
3623, CreateError
3624, CreateError
3625, CreateError
3628, CreateError
3629, CreateError
3630, CreateError
3631, CreateError
3632, CreateError
3642, CreateError
3646, CreateError
3652, CreateError
3658, CreateError
3662, CreateError
3663, CreateError
3664, CreateError
3675, CreateError
3680, CreateError
3685, CreateError
3687, CreateError
3689, CreateError
3691, CreateError
3693, CreateError
4102, CreateError
4103, CreateError
4105, CreateError
4107, CreateError
4109, CreateError
4111, CreateError
4113, CreateError
4114, CreateError
4120, CreateError
4121, CreateError
4123, CreateError
4126, CreateError
4127, CreateError
4128, CreateError
4129, CreateError
4130, CreateError
4131, CreateError
4138, CreateError
4139, CreateError
4152, CreateError
4153, CreateError
4154, CreateError
4157, CreateError
4160, CreateError
4161, CreateError
4162, CreateError
4163, CreateError
4168, CreateError
4173, CreateError
4180, CreateError
4205, CreateError
4207, CreateError
4303, CreateError
4304, CreateError
4305, CreateError
4401, CreateError
4402, CreateError
4406, CreateError
4413, CreateError
4416, CreateError
4417, CreateError
4419, CreateError
4420, CreateError
4429, CreateError
4430, CreateError
4432, CreateError
4502, CreateError
4503, CreateError
4506, CreateError
4510, CreateError
4513, CreateError
4523, CreateError
4527, CreateError
4528, CreateError
4529, CreateError
4530, CreateError
4533, CreateError
4534, CreateError
4535, CreateError
4609, CreateError
4702, CreateError
4703, CreateError
4706, CreateError
4707, CreateError
4711, CreateError
4712, CreateError
4714, CreateError
4716, CreateError
4720, CreateError
4721, CreateError
4726, CreateError
4728, CreateError
4729, CreateError
4735, CreateError
4736, CreateError
4739, CreateError
4743, CreateError
4745, CreateError
4747, CreateError
4903, CreateError
4905, CreateError
4907, CreateError
4908, CreateError
4909, CreateError
4911, CreateError
4912, CreateError
4924, CreateError
4927, CreateError
4933, CreateError
4939, CreateError
4944, CreateError
4946, CreateError
4947, CreateError
4950, CreateError
4953, CreateError
4965, CreateError
4966, CreateError
4971, CreateError
4972, CreateError
4973, CreateError
4974, CreateError
4979, CreateError
4987, CreateError
4995, CreateError
5009, CreateError
5011, CreateError
5013, CreateError
5014, CreateError
5015, CreateError
5016, CreateError
5102, CreateError
5201, CreateError
5202, CreateError
5206, CreateError
5209, CreateError
5210, CreateError
5211, CreateError
5212, CreateError
5213, CreateError
5227, CreateError
5230, CreateError
5251, CreateError
5263, CreateError
5266, CreateError
5272, CreateError
5274, CreateError
5278, CreateError
5287, CreateError
5289, CreateError
5301, CreateError
5302, CreateError
5304, CreateError
5306, CreateError
5309, CreateError
5310, CreateError
5312, CreateError
5314, CreateError
5315, CreateError
5317, CreateError
5321, CreateError
5324, CreateError
5328, CreateError
5340, CreateError
5344, CreateError
5345, CreateError
5347, CreateError
5348, CreateError
5349, CreateError
5351, CreateError
5353, CreateError
5355, CreateError
5356, CreateError
5364, CreateError
5371, CreateError
5381, CreateError
5383, CreateError
5384, CreateError
5386, CreateError
5392, CreateError
5395, CreateError
5398, CreateError
5403, CreateError
5410, CreateError
5425, CreateError
5426, CreateError
5432, CreateError
5438, CreateError
5439, CreateError
5443, CreateError
5450, CreateError
5452, CreateError
5455, CreateError
5457, CreateError
5460, CreateError
5464, CreateError
5465, CreateError
5466, CreateError
5468, CreateError
5474, CreateError
5475, CreateError
5478, CreateError
5480, CreateError
5481, CreateError
5483, CreateError
5487, CreateError
5488, CreateError
5489, CreateError
5490, CreateError
5491, CreateError
5493, CreateError
5498, CreateError
5505, CreateError
5506, CreateError
5508, CreateError
5511, CreateError
5512, CreateError
5514, CreateError
5516, CreateError
5520, CreateError
5523, CreateError
5529, CreateError
5530, CreateError
5536, CreateError
5601, CreateError
5603, CreateError
5604, CreateError
5609, CreateError
5701, CreateError
5703, CreateError
5704, CreateError
5820, CreateError
5902, CreateError
5903, CreateError
5904, CreateError
5905, CreateError
6015, CreateError
6016, CreateError
6020, CreateError
6021, CreateError
6022, CreateError
6023, CreateError
6024, CreateError
6101, CreateError
6103, CreateError
6104, CreateError
6105, CreateError
6107, CreateError
6109, CreateError
6111, CreateError
6113, CreateError
6114, CreateError
6118, CreateError
6121, CreateError
6122, CreateError
6123, CreateError
6124, CreateError
6125, CreateError
6126, CreateError
6127, CreateError
6129, CreateError
6130, CreateError
6134, CreateError
6135, CreateError
6138, CreateError
6140, CreateError
6143, CreateError
6144, CreateError
6146, CreateError
6147, CreateError
6148, CreateError
6150, CreateError
6151, CreateError
6154, CreateError
6156, CreateError
6158, CreateError
6160, CreateError
6161, CreateError
6163, CreateError
6167, CreateError
6169, CreateError
6170, CreateError
6171, CreateError
6173, CreateError
6174, CreateError
6175, CreateError
6180, CreateError
6182, CreateError
6185, CreateError
6186, CreateError
6187, CreateError
6188, CreateError
6190, CreateError
6194, CreateError
6195, CreateError
6198, CreateError
6203, CreateError
6204, CreateError
6207, CreateError
6208, CreateError
6210, CreateError
6211, CreateError
6212, CreateError
6217, CreateError
6218, CreateError
6219, CreateError
6220, CreateError
6221, CreateError
6222, CreateError
6223, CreateError
6227, CreateError
6228, CreateError
6229, CreateError
6231, CreateError
6233, CreateError
6234, CreateError
6236, CreateError
6237, CreateError
6238, CreateError
6240, CreateError
6241, CreateError
6244, CreateError
6245, CreateError
6246, CreateError
6247, CreateError
6248, CreateError
6250, CreateError
6259, CreateError
6261, CreateError
6263, CreateError
6264, CreateError
6265, CreateError
6266, CreateError
6270, CreateError
6274, CreateError
6275, CreateError
6276, CreateError
6279, CreateError
6284, CreateError
6287, CreateError
6290, CreateError
6291, CreateError
6292, CreateError
6294, CreateError
6298, CreateError
6506, CreateError
6508, CreateError
6509, CreateError
6603, CreateError
6609, CreateError
6803, CreateError
8024, CreateError
8032, CreateError
8034, CreateError
8038, CreateError
8040, CreateError
8042, CreateError
8043, CreateError
8044, CreateError
8047, CreateError
8048, CreateError
8049, CreateError
8050, CreateError
8053, CreateError
8054, CreateError
8059, CreateError
8064, CreateError
8066, CreateError
8067, CreateError
8068, CreateError
8069, CreateError
8071, CreateError
8074, CreateError
8076, CreateError
8077, CreateError
8079, CreateError
8080, CreateError
8082, CreateError
8083, CreateError
8084, CreateError
8085, CreateError
8086, CreateError
8087, CreateError
8088, CreateError
8091, CreateError
8092, CreateError
8093, CreateError
8096, CreateError
8097, CreateError
8099, CreateError
8107, CreateError
8109, CreateError
8121, CreateError
8147, CreateError
8155, CreateError
8171, CreateError
8176, CreateError
8182, CreateError
8183, CreateError
8234, CreateError
8240, CreateError
8255, CreateError
8266, CreateError
8277, CreateError
8287, CreateError
8289, CreateError
8291, CreateError
8299, CreateError
8349, CreateError
8354, CreateError
8358, CreateError
8383, CreateError
8390, CreateError
8401, CreateError
8403, CreateError
8406, CreateError
8409, CreateError
8410, CreateError
8416, CreateError
8418, CreateError
8421, CreateError
8423, CreateError
8424, CreateError
8426, CreateError
8432, CreateError
8433, CreateError
8435, CreateError
8436, CreateError
8446, CreateError
8905, CreateError
8906, CreateError
8908, CreateError
8913, CreateError
8916, CreateError
8917, CreateError
8921, CreateError
8923, CreateError
8924, CreateError
8925, CreateError
8927, CreateError
8928, CreateError
8929, CreateError
8930, CreateError
8931, CreateError
8932, CreateError
8933, CreateError
8934, CreateError
8935, CreateError
8936, CreateError
8937, CreateError
8938, CreateError
8941, CreateError
8942, CreateError
911613, CreateError
9949, CreateError
9950, CreateError
9951, CreateError
9960, CreateError
9962, CreateError
0062053023